c:\users\admin\desktop\лабораторные работы\семестр 6\методы компиляции\compilation methods\x64\debug\vc143.pdb
c:\users\admin\desktop\лабораторные работы\семестр 6\методы компиляции\compilation methods\x64\debug\vc143.idb
c:\users\admin\desktop\лабораторные работы\семестр 6\методы компиляции\compilation methods\x64\debug\symbol_table.obj
c:\users\admin\desktop\лабораторные работы\семестр 6\методы компиляции\compilation methods\x64\debug\parser.obj
c:\users\admin\desktop\лабораторные работы\семестр 6\методы компиляции\compilation methods\x64\debug\main.obj
c:\users\admin\desktop\лабораторные работы\семестр 6\методы компиляции\compilation methods\x64\debug\lexer.obj
c:\users\admin\desktop\лабораторные работы\семестр 6\методы компиляции\compilation methods\x64\debug\interpreter.obj
c:\users\admin\desktop\лабораторные работы\семестр 6\методы компиляции\compilation methods\x64\debug\error.obj
c:\users\admin\desktop\лабораторные работы\семестр 6\методы компиляции\compilation methods\x64\debug\compilation methods.pdb
c:\users\admin\desktop\лабораторные работы\семестр 6\методы компиляции\compilation methods\x64\debug\compilat.dad5f8b1.tlog\cl.command.1.tlog
c:\users\admin\desktop\лабораторные работы\семестр 6\методы компиляции\compilation methods\x64\debug\compilat.dad5f8b1.tlog\cl.read.1.tlog
c:\users\admin\desktop\лабораторные работы\семестр 6\методы компиляции\compilation methods\x64\debug\compilat.dad5f8b1.tlog\cl.write.1.tlog
c:\users\admin\desktop\лабораторные работы\семестр 6\методы компиляции\compilation methods\x64\debug\compilat.dad5f8b1.tlog\link-cvtres.read.1.tlog
c:\users\admin\desktop\лабораторные работы\семестр 6\методы компиляции\compilation methods\x64\debug\compilat.dad5f8b1.tlog\link-cvtres.write.1.tlog
c:\users\admin\desktop\лабораторные работы\семестр 6\методы компиляции\compilation methods\x64\debug\compilat.dad5f8b1.tlog\link-rc.read.1.tlog
c:\users\admin\desktop\лабораторные работы\семестр 6\методы компиляции\compilation methods\x64\debug\compilat.dad5f8b1.tlog\link-rc.write.1.tlog
c:\users\admin\desktop\лабораторные работы\семестр 6\методы компиляции\compilation methods\x64\debug\compilat.dad5f8b1.tlog\link.command.1.tlog
c:\users\admin\desktop\лабораторные работы\семестр 6\методы компиляции\compilation methods\x64\debug\compilat.dad5f8b1.tlog\link.read.1.tlog
c:\users\admin\desktop\лабораторные работы\семестр 6\методы компиляции\compilation methods\x64\debug\compilat.dad5f8b1.tlog\link.read.2.tlog
c:\users\admin\desktop\лабораторные работы\семестр 6\методы компиляции\compilation methods\x64\debug\compilat.dad5f8b1.tlog\link.write.1.tlog
